mode: set
github.com/EduardGomezEscandell/algo/dstruct/heap.go:17.55,19.2 1 0
github.com/EduardGomezEscandell/algo/dstruct/heap.go:22.70,31.2 3 0
github.com/EduardGomezEscandell/algo/dstruct/heap.go:35.29,37.2 1 0
github.com/EduardGomezEscandell/algo/dstruct/heap.go:42.27,44.2 1 0
github.com/EduardGomezEscandell/algo/dstruct/heap.go:47.28,49.2 1 0
github.com/EduardGomezEscandell/algo/dstruct/heap.go:53.30,55.2 1 0
github.com/EduardGomezEscandell/algo/dstruct/heap.go:59.34,61.2 1 0
github.com/EduardGomezEscandell/algo/dstruct/heap.go:67.29,69.2 1 0
github.com/EduardGomezEscandell/algo/dstruct/heap.go:75.27,77.2 1 0
github.com/EduardGomezEscandell/algo/dstruct/heap.go:86.42,86.64 1 0
github.com/EduardGomezEscandell/algo/dstruct/heap.go:87.42,87.81 1 0
github.com/EduardGomezEscandell/algo/dstruct/heap.go:88.42,88.89 1 0
github.com/EduardGomezEscandell/algo/dstruct/heap.go:92.35,95.2 1 0
github.com/EduardGomezEscandell/algo/dstruct/heap.go:99.33,105.2 5 0
github.com/EduardGomezEscandell/algo/dstruct/lru.go:17.59,20.53 1 0
github.com/EduardGomezEscandell/algo/dstruct/lru.go:20.53,20.81 1 0
github.com/EduardGomezEscandell/algo/dstruct/lru.go:28.37,30.2 1 0
github.com/EduardGomezEscandell/algo/dstruct/lru.go:35.54,37.9 2 0
github.com/EduardGomezEscandell/algo/dstruct/lru.go:40.2,42.25 3 0
github.com/EduardGomezEscandell/algo/dstruct/lru.go:37.9,39.3 1 0
github.com/EduardGomezEscandell/algo/dstruct/lru.go:47.41,50.8 3 0
github.com/EduardGomezEscandell/algo/dstruct/lru.go:54.2,55.31 2 0
github.com/EduardGomezEscandell/algo/dstruct/lru.go:62.2,67.21 5 0
github.com/EduardGomezEscandell/algo/dstruct/lru.go:50.8,53.3 2 0
github.com/EduardGomezEscandell/algo/dstruct/lru.go:55.31,58.3 2 0
github.com/EduardGomezEscandell/algo/dstruct/lru.go:58.8,60.3 1 0
github.com/EduardGomezEscandell/algo/dstruct/stack.go:16.44,18.19 2 0
github.com/EduardGomezEscandell/algo/dstruct/stack.go:19.10,20.52 1 0
github.com/EduardGomezEscandell/algo/dstruct/stack.go:21.9,23.14 2 0
github.com/EduardGomezEscandell/algo/dstruct/stack.go:24.9,26.14 2 0
github.com/EduardGomezEscandell/algo/dstruct/stack.go:27.9,28.51 1 0
github.com/EduardGomezEscandell/algo/dstruct/stack.go:33.30,35.2 1 0
github.com/EduardGomezEscandell/algo/dstruct/stack.go:38.34,40.2 1 0
github.com/EduardGomezEscandell/algo/dstruct/stack.go:43.28,44.17 1 0
github.com/EduardGomezEscandell/algo/dstruct/stack.go:47.2,47.30 1 0
github.com/EduardGomezEscandell/algo/dstruct/stack.go:44.17,45.36 1 0
github.com/EduardGomezEscandell/algo/dstruct/stack.go:51.26,52.17 1 0
github.com/EduardGomezEscandell/algo/dstruct/stack.go:55.2,55.33 1 0
github.com/EduardGomezEscandell/algo/dstruct/stack.go:52.17,53.36 1 0
github.com/EduardGomezEscandell/algo/dstruct/stack.go:59.30,61.2 1 0
github.com/EduardGomezEscandell/algo/dstruct/stack.go:65.31,67.2 1 0
github.com/EduardGomezEscandell/algo/dstruct/stack.go:70.29,72.2 1 0
github.com/EduardGomezEscandell/algo/palgo/work_alloc.go:20.30,22.2 1 0
github.com/EduardGomezEscandell/algo/palgo/work_alloc.go:24.31,26.2 1 0
github.com/EduardGomezEscandell/algo/palgo/work_alloc.go:28.47,29.24 1 0
github.com/EduardGomezEscandell/algo/palgo/work_alloc.go:36.2,40.32 4 0
github.com/EduardGomezEscandell/algo/palgo/work_alloc.go:48.2,50.29 3 0
github.com/EduardGomezEscandell/algo/palgo/work_alloc.go:55.2,55.10 1 0
github.com/EduardGomezEscandell/algo/palgo/work_alloc.go:29.24,34.3 1 0
github.com/EduardGomezEscandell/algo/palgo/work_alloc.go:40.32,46.3 1 0
github.com/EduardGomezEscandell/algo/palgo/work_alloc.go:50.29,53.3 2 0
github.com/EduardGomezEscandell/algo/palgo/work_alloc.go:58.54,60.29 2 0
github.com/EduardGomezEscandell/algo/palgo/work_alloc.go:69.2,69.11 1 0
github.com/EduardGomezEscandell/algo/palgo/work_alloc.go:60.29,63.13 3 0
github.com/EduardGomezEscandell/algo/palgo/work_alloc.go:63.13,66.4 2 0
github.com/EduardGomezEscandell/algo/utils/functional.go:20.53,21.27 1 0
github.com/EduardGomezEscandell/algo/utils/functional.go:21.27,23.3 1 0
github.com/EduardGomezEscandell/algo/utils/functional.go:27.29,29.2 1 0
github.com/EduardGomezEscandell/algo/algo/array.go:13.46,14.18 1 0
github.com/EduardGomezEscandell/algo/algo/array.go:18.2,19.24 2 0
github.com/EduardGomezEscandell/algo/algo/array.go:22.2,22.10 1 0
github.com/EduardGomezEscandell/algo/algo/array.go:14.18,16.3 1 0
github.com/EduardGomezEscandell/algo/algo/array.go:19.24,21.3 1 0
github.com/EduardGomezEscandell/algo/algo/array.go:26.42,27.32 1 0
github.com/EduardGomezEscandell/algo/algo/array.go:27.32,29.3 1 0
github.com/EduardGomezEscandell/algo/algo/array.go:33.36,35.27 2 0
github.com/EduardGomezEscandell/algo/algo/array.go:38.2,38.12 1 0
github.com/EduardGomezEscandell/algo/algo/array.go:35.27,37.3 1 0
github.com/EduardGomezEscandell/algo/algo/array.go:43.47,45.27 2 0
github.com/EduardGomezEscandell/algo/algo/array.go:48.2,48.12 1 0
github.com/EduardGomezEscandell/algo/algo/array.go:45.27,47.3 1 0
github.com/EduardGomezEscandell/algo/algo/array.go:53.52,54.32 1 0
github.com/EduardGomezEscandell/algo/algo/array.go:54.32,54.57 1 0
github.com/EduardGomezEscandell/algo/algo/array.go:59.57,60.34 1 0
github.com/EduardGomezEscandell/algo/algo/array.go:60.34,60.64 1 0
github.com/EduardGomezEscandell/algo/algo/array.go:75.61,77.24 2 0
github.com/EduardGomezEscandell/algo/algo/array.go:80.2,80.10 1 0
github.com/EduardGomezEscandell/algo/algo/array.go:77.24,79.3 1 0
github.com/EduardGomezEscandell/algo/algo/array.go:92.84,94.24 2 0
github.com/EduardGomezEscandell/algo/algo/array.go:97.2,97.10 1 0
github.com/EduardGomezEscandell/algo/algo/array.go:94.24,96.3 1 0
github.com/EduardGomezEscandell/algo/algo/array.go:103.70,107.26 3 0
github.com/EduardGomezEscandell/algo/algo/array.go:110.2,110.10 1 0
github.com/EduardGomezEscandell/algo/algo/array.go:107.26,109.3 1 0
github.com/EduardGomezEscandell/algo/algo/array.go:133.5,136.26 2 0
github.com/EduardGomezEscandell/algo/algo/array.go:139.2,139.13 1 0
github.com/EduardGomezEscandell/algo/algo/array.go:136.26,138.3 1 0
github.com/EduardGomezEscandell/algo/algo/array.go:144.57,145.18 1 0
github.com/EduardGomezEscandell/algo/algo/array.go:148.2,148.33 1 0
github.com/EduardGomezEscandell/algo/algo/array.go:145.18,147.3 1 0
github.com/EduardGomezEscandell/algo/algo/array.go:160.82,162.18 2 0
github.com/EduardGomezEscandell/algo/algo/array.go:166.2,166.32 1 0
github.com/EduardGomezEscandell/algo/algo/array.go:169.2,169.12 1 0
github.com/EduardGomezEscandell/algo/algo/array.go:162.18,164.3 1 0
github.com/EduardGomezEscandell/algo/algo/array.go:166.32,168.3 1 0
github.com/EduardGomezEscandell/algo/algo/array.go:180.62,181.19 1 0
github.com/EduardGomezEscandell/algo/algo/array.go:185.2,186.28 2 0
github.com/EduardGomezEscandell/algo/algo/array.go:192.2,192.12 1 0
github.com/EduardGomezEscandell/algo/algo/array.go:181.19,183.3 1 0
github.com/EduardGomezEscandell/algo/algo/array.go:186.28,187.19 1 0
github.com/EduardGomezEscandell/algo/algo/array.go:187.19,189.4 1 0
github.com/EduardGomezEscandell/algo/algo/array.go:206.67,207.25 1 0
github.com/EduardGomezEscandell/algo/algo/array.go:214.2,218.28 4 0
github.com/EduardGomezEscandell/algo/algo/array.go:222.2,222.12 1 0
github.com/EduardGomezEscandell/algo/algo/array.go:207.25,213.3 5 0
github.com/EduardGomezEscandell/algo/algo/array.go:218.28,220.3 1 0
github.com/EduardGomezEscandell/algo/algo/array.go:231.74,232.23 1 0
github.com/EduardGomezEscandell/algo/algo/array.go:236.2,237.19 2 0
github.com/EduardGomezEscandell/algo/algo/array.go:244.2,244.12 1 0
github.com/EduardGomezEscandell/algo/algo/array.go:232.23,234.3 1 0
github.com/EduardGomezEscandell/algo/algo/array.go:237.19,238.24 1 0
github.com/EduardGomezEscandell/algo/algo/array.go:242.3,242.20 1 0
github.com/EduardGomezEscandell/algo/algo/array.go:238.24,240.9 2 0
github.com/EduardGomezEscandell/algo/algo/array.go:256.53,257.38 1 0
github.com/EduardGomezEscandell/algo/algo/array.go:257.38,259.3 1 0
github.com/EduardGomezEscandell/algo/algo/array.go:273.72,276.40 3 0
github.com/EduardGomezEscandell/algo/algo/array.go:292.2,292.15 1 0
github.com/EduardGomezEscandell/algo/algo/array.go:276.40,278.32 1 0
github.com/EduardGomezEscandell/algo/algo/array.go:283.3,283.32 1 0
github.com/EduardGomezEscandell/algo/algo/array.go:288.3,290.6 3 0
github.com/EduardGomezEscandell/algo/algo/array.go:278.32,280.12 2 0
github.com/EduardGomezEscandell/algo/algo/array.go:283.32,285.12 2 0
github.com/EduardGomezEscandell/algo/algo/array.go:297.72,298.19 1 0
github.com/EduardGomezEscandell/algo/algo/array.go:302.2,303.32 2 0
github.com/EduardGomezEscandell/algo/algo/array.go:313.2,313.18 1 0
github.com/EduardGomezEscandell/algo/algo/array.go:298.19,300.3 1 0
github.com/EduardGomezEscandell/algo/algo/array.go:303.32,304.38 1 0
github.com/EduardGomezEscandell/algo/algo/array.go:307.3,307.21 1 0
github.com/EduardGomezEscandell/algo/algo/array.go:310.3,310.14 1 0
github.com/EduardGomezEscandell/algo/algo/array.go:304.38,305.12 1 0
github.com/EduardGomezEscandell/algo/algo/array.go:307.21,309.4 1 0
github.com/EduardGomezEscandell/algo/algo/array.go:317.34,319.37 2 0
github.com/EduardGomezEscandell/algo/algo/array.go:322.2,322.12 1 0
github.com/EduardGomezEscandell/algo/algo/array.go:319.37,321.3 1 0
github.com/EduardGomezEscandell/algo/algo/array.go:326.39,328.34 2 0
github.com/EduardGomezEscandell/algo/algo/array.go:331.2,331.12 1 0
github.com/EduardGomezEscandell/algo/algo/array.go:328.34,330.3 1 0
github.com/EduardGomezEscandell/algo/algo/array.go:337.62,338.24 1 0
github.com/EduardGomezEscandell/algo/algo/array.go:343.2,343.11 1 0
github.com/EduardGomezEscandell/algo/algo/array.go:338.24,339.17 1 0
github.com/EduardGomezEscandell/algo/algo/array.go:339.17,341.4 1 0
github.com/EduardGomezEscandell/algo/algo/array.go:348.58,349.24 1 0
github.com/EduardGomezEscandell/algo/algo/array.go:354.2,354.11 1 0
github.com/EduardGomezEscandell/algo/algo/array.go:349.24,350.14 1 0
github.com/EduardGomezEscandell/algo/algo/array.go:350.14,352.4 1 0
github.com/EduardGomezEscandell/algo/algo/array.go:373.68,374.21 1 0
github.com/EduardGomezEscandell/algo/algo/array.go:377.2,377.23 1 0
github.com/EduardGomezEscandell/algo/algo/array.go:388.2,388.10 1 0
github.com/EduardGomezEscandell/algo/algo/array.go:374.21,376.3 1 0
github.com/EduardGomezEscandell/algo/algo/array.go:377.23,378.27 1 0
github.com/EduardGomezEscandell/algo/algo/array.go:381.3,381.13 1 0
github.com/EduardGomezEscandell/algo/algo/array.go:385.3,386.6 2 0
github.com/EduardGomezEscandell/algo/algo/array.go:378.27,379.12 1 0
github.com/EduardGomezEscandell/algo/algo/array.go:381.13,383.12 2 0
github.com/EduardGomezEscandell/algo/algo/array.go:395.56,396.41 1 0
github.com/EduardGomezEscandell/algo/algo/array.go:399.2,401.43 3 0
github.com/EduardGomezEscandell/algo/algo/array.go:404.2,405.12 2 0
github.com/EduardGomezEscandell/algo/algo/array.go:396.41,397.75 1 0
github.com/EduardGomezEscandell/algo/algo/array.go:401.43,403.3 1 0
github.com/EduardGomezEscandell/algo/algo/array.go:414.40,415.24 1 0
github.com/EduardGomezEscandell/algo/algo/array.go:418.2,418.9 1 0
github.com/EduardGomezEscandell/algo/algo/array.go:425.2,425.10 1 0
github.com/EduardGomezEscandell/algo/algo/array.go:415.24,416.100 1 0
github.com/EduardGomezEscandell/algo/algo/array.go:419.13,420.36 1 0
github.com/EduardGomezEscandell/algo/algo/array.go:421.13,422.34 1 0
github.com/EduardGomezEscandell/algo/algo/array.go:423.14,423.14 0 0
github.com/EduardGomezEscandell/algo/algo/array.go:428.45,435.2 6 0
github.com/EduardGomezEscandell/algo/algo/array.go:437.46,444.2 6 0
github.com/EduardGomezEscandell/algo/algo/math.go:9.43,10.13 1 0
github.com/EduardGomezEscandell/algo/algo/math.go:15.2,15.10 1 0
github.com/EduardGomezEscandell/algo/algo/math.go:10.13,14.3 3 0
github.com/EduardGomezEscandell/algo/algo/math.go:19.58,22.37 2 0
github.com/EduardGomezEscandell/algo/algo/math.go:26.2,26.15 1 0
github.com/EduardGomezEscandell/algo/algo/math.go:22.37,24.3 1 0
github.com/EduardGomezEscandell/algo/algo/math.go:31.36,32.9 1 0
github.com/EduardGomezEscandell/algo/algo/math.go:38.2,38.10 1 0
github.com/EduardGomezEscandell/algo/algo/math.go:33.13,34.11 1 0
github.com/EduardGomezEscandell/algo/algo/math.go:35.13,36.12 1 0
github.com/EduardGomezEscandell/algo/algo/math.go:43.33,45.2 1 0
github.com/EduardGomezEscandell/algo/algo/math.go:48.43,49.7 1 0
github.com/EduardGomezEscandell/algo/algo/math.go:52.2,52.10 1 0
github.com/EduardGomezEscandell/algo/algo/math.go:49.7,51.3 1 0
github.com/EduardGomezEscandell/algo/algo/math.go:57.43,58.13 1 0
github.com/EduardGomezEscandell/algo/algo/math.go:61.2,61.40 1 0
github.com/EduardGomezEscandell/algo/algo/math.go:58.13,59.42 1 0
github.com/EduardGomezEscandell/algo/palgo/array.go:11.46,14.19 3 0
github.com/EduardGomezEscandell/algo/palgo/array.go:17.2,17.37 1 0
github.com/EduardGomezEscandell/algo/palgo/array.go:23.2,23.10 1 0
github.com/EduardGomezEscandell/algo/palgo/array.go:14.19,16.3 1 0
github.com/EduardGomezEscandell/algo/palgo/array.go:17.37,18.36 1 0
github.com/EduardGomezEscandell/algo/palgo/array.go:18.36,20.4 1 0
github.com/EduardGomezEscandell/algo/palgo/array.go:27.42,29.19 2 0
github.com/EduardGomezEscandell/algo/palgo/array.go:33.2,33.37 1 0
github.com/EduardGomezEscandell/algo/palgo/array.go:29.19,32.3 2 0
github.com/EduardGomezEscandell/algo/palgo/array.go:33.37,35.3 1 0
github.com/EduardGomezEscandell/algo/palgo/array.go:39.34,41.19 2 0
github.com/EduardGomezEscandell/algo/palgo/array.go:44.2,45.37 2 0
github.com/EduardGomezEscandell/algo/palgo/array.go:50.2,50.10 1 0
github.com/EduardGomezEscandell/algo/palgo/array.go:41.19,43.3 1 0
github.com/EduardGomezEscandell/algo/palgo/array.go:45.37,46.40 1 0
github.com/EduardGomezEscandell/algo/palgo/array.go:46.40,48.4 1 0
github.com/EduardGomezEscandell/algo/palgo/array.go:66.58,68.19 2 0
github.com/EduardGomezEscandell/algo/palgo/array.go:72.2,73.37 2 0
github.com/EduardGomezEscandell/algo/palgo/array.go:78.2,78.35 1 0
github.com/EduardGomezEscandell/algo/palgo/array.go:68.19,70.3 1 0
github.com/EduardGomezEscandell/algo/palgo/array.go:73.37,77.3 3 0
github.com/EduardGomezEscandell/algo/palgo/array.go:90.81,92.19 2 0
github.com/EduardGomezEscandell/algo/palgo/array.go:96.2,97.37 2 0
github.com/EduardGomezEscandell/algo/palgo/array.go:102.2,102.35 1 0
github.com/EduardGomezEscandell/algo/palgo/array.go:92.19,94.3 1 0
github.com/EduardGomezEscandell/algo/palgo/array.go:97.37,101.3 3 0
github.com/EduardGomezEscandell/algo/palgo/array.go:108.70,111.19 3 0
github.com/EduardGomezEscandell/algo/palgo/array.go:115.2,116.37 2 0
github.com/EduardGomezEscandell/algo/palgo/array.go:121.2,121.10 1 0
github.com/EduardGomezEscandell/algo/palgo/array.go:111.19,113.3 1 0
github.com/EduardGomezEscandell/algo/palgo/array.go:116.37,117.36 1 0
github.com/EduardGomezEscandell/algo/palgo/array.go:117.36,119.4 1 0
github.com/EduardGomezEscandell/algo/palgo/array.go:144.5,147.19 3 0
github.com/EduardGomezEscandell/algo/palgo/array.go:151.2,152.37 2 0
github.com/EduardGomezEscandell/algo/palgo/array.go:160.2,160.35 1 0
github.com/EduardGomezEscandell/algo/palgo/array.go:147.19,149.3 1 0
github.com/EduardGomezEscandell/algo/palgo/array.go:152.37,158.3 5 0
github.com/EduardGomezEscandell/algo/utils/wrappers.go:4.30,6.2 1 1
github.com/EduardGomezEscandell/algo/utils/wrappers.go:9.30,11.2 1 1
github.com/EduardGomezEscandell/algo/utils/wrappers.go:14.30,16.2 1 0
github.com/EduardGomezEscandell/algo/utils/wrappers.go:20.30,22.2 1 0
github.com/EduardGomezEscandell/algo/utils/wrappers.go:25.30,26.12 1 0
github.com/EduardGomezEscandell/algo/utils/wrappers.go:29.2,29.10 1 0
github.com/EduardGomezEscandell/algo/utils/wrappers.go:26.12,28.3 1 0
github.com/EduardGomezEscandell/algo/utils/wrappers.go:33.30,34.12 1 0
github.com/EduardGomezEscandell/algo/utils/wrappers.go:37.2,37.10 1 0
github.com/EduardGomezEscandell/algo/utils/wrappers.go:34.12,36.3 1 0
github.com/EduardGomezEscandell/algo/utils/wrappers.go:41.32,43.2 1 0
github.com/EduardGomezEscandell/algo/utils/wrappers.go:46.32,48.2 1 0
github.com/EduardGomezEscandell/algo/utils/wrappers.go:51.32,53.2 1 0
github.com/EduardGomezEscandell/algo/utils/wrappers.go:56.32,58.2 1 0
github.com/EduardGomezEscandell/algo/utils/wrappers.go:61.32,63.2 1 0
github.com/EduardGomezEscandell/algo/utils/wrappers.go:66.26,68.2 1 0
github.com/EduardGomezEscandell/algo/utils/wrappers.go:71.25,73.2 1 0
github.com/EduardGomezEscandell/algo/utils/wrappers.go:76.38,78.2 1 0
github.com/EduardGomezEscandell/algo/palgo/work_alloc.go:20.30,22.2 1 0
github.com/EduardGomezEscandell/algo/palgo/work_alloc.go:24.31,26.2 1 0
github.com/EduardGomezEscandell/algo/palgo/work_alloc.go:28.47,29.24 1 0
github.com/EduardGomezEscandell/algo/palgo/work_alloc.go:36.2,40.32 4 0
github.com/EduardGomezEscandell/algo/palgo/work_alloc.go:48.2,50.29 3 0
github.com/EduardGomezEscandell/algo/palgo/work_alloc.go:55.2,55.10 1 0
github.com/EduardGomezEscandell/algo/palgo/work_alloc.go:29.24,34.3 1 0
github.com/EduardGomezEscandell/algo/palgo/work_alloc.go:40.32,46.3 1 0
github.com/EduardGomezEscandell/algo/palgo/work_alloc.go:50.29,53.3 2 0
github.com/EduardGomezEscandell/algo/palgo/work_alloc.go:58.54,60.29 2 0
github.com/EduardGomezEscandell/algo/palgo/work_alloc.go:69.2,69.11 1 0
github.com/EduardGomezEscandell/algo/palgo/work_alloc.go:60.29,63.13 3 0
github.com/EduardGomezEscandell/algo/palgo/work_alloc.go:63.13,66.4 2 0
github.com/EduardGomezEscandell/algo/dstruct/heap.go:17.55,19.2 1 0
github.com/EduardGomezEscandell/algo/dstruct/heap.go:22.70,31.2 3 0
github.com/EduardGomezEscandell/algo/dstruct/heap.go:35.29,37.2 1 0
github.com/EduardGomezEscandell/algo/dstruct/heap.go:42.27,44.2 1 0
github.com/EduardGomezEscandell/algo/dstruct/heap.go:47.28,49.2 1 0
github.com/EduardGomezEscandell/algo/dstruct/heap.go:53.30,55.2 1 0
github.com/EduardGomezEscandell/algo/dstruct/heap.go:59.34,61.2 1 0
github.com/EduardGomezEscandell/algo/dstruct/heap.go:67.29,69.2 1 0
github.com/EduardGomezEscandell/algo/dstruct/heap.go:75.27,77.2 1 0
github.com/EduardGomezEscandell/algo/dstruct/heap.go:86.42,86.64 1 0
github.com/EduardGomezEscandell/algo/dstruct/heap.go:87.42,87.81 1 0
github.com/EduardGomezEscandell/algo/dstruct/heap.go:88.42,88.89 1 0
github.com/EduardGomezEscandell/algo/dstruct/heap.go:92.35,95.2 1 0
github.com/EduardGomezEscandell/algo/dstruct/heap.go:99.33,105.2 5 0
github.com/EduardGomezEscandell/algo/dstruct/lru.go:17.59,20.53 1 0
github.com/EduardGomezEscandell/algo/dstruct/lru.go:20.53,20.81 1 0
github.com/EduardGomezEscandell/algo/dstruct/lru.go:28.37,30.2 1 0
github.com/EduardGomezEscandell/algo/dstruct/lru.go:35.54,37.9 2 0
github.com/EduardGomezEscandell/algo/dstruct/lru.go:40.2,42.25 3 0
github.com/EduardGomezEscandell/algo/dstruct/lru.go:37.9,39.3 1 0
github.com/EduardGomezEscandell/algo/dstruct/lru.go:47.41,50.8 3 0
github.com/EduardGomezEscandell/algo/dstruct/lru.go:54.2,55.31 2 0
github.com/EduardGomezEscandell/algo/dstruct/lru.go:62.2,67.21 5 0
github.com/EduardGomezEscandell/algo/dstruct/lru.go:50.8,53.3 2 0
github.com/EduardGomezEscandell/algo/dstruct/lru.go:55.31,58.3 2 0
github.com/EduardGomezEscandell/algo/dstruct/lru.go:58.8,60.3 1 0
github.com/EduardGomezEscandell/algo/utils/functional.go:20.53,21.27 1 0
github.com/EduardGomezEscandell/algo/utils/functional.go:21.27,23.3 1 0
github.com/EduardGomezEscandell/algo/utils/functional.go:27.29,29.2 1 0
github.com/EduardGomezEscandell/algo/algo/math.go:9.43,10.13 1 0
github.com/EduardGomezEscandell/algo/algo/math.go:15.2,15.10 1 0
github.com/EduardGomezEscandell/algo/algo/math.go:10.13,14.3 3 0
github.com/EduardGomezEscandell/algo/algo/math.go:19.58,22.37 2 0
github.com/EduardGomezEscandell/algo/algo/math.go:26.2,26.15 1 0
github.com/EduardGomezEscandell/algo/algo/math.go:22.37,24.3 1 0
github.com/EduardGomezEscandell/algo/algo/math.go:31.36,32.9 1 0
github.com/EduardGomezEscandell/algo/algo/math.go:38.2,38.10 1 0
github.com/EduardGomezEscandell/algo/algo/math.go:33.13,34.11 1 0
github.com/EduardGomezEscandell/algo/algo/math.go:35.13,36.12 1 0
github.com/EduardGomezEscandell/algo/algo/math.go:43.33,45.2 1 0
github.com/EduardGomezEscandell/algo/algo/math.go:48.43,49.7 1 0
github.com/EduardGomezEscandell/algo/algo/math.go:52.2,52.10 1 0
github.com/EduardGomezEscandell/algo/algo/math.go:49.7,51.3 1 0
github.com/EduardGomezEscandell/algo/algo/math.go:57.43,58.13 1 0
github.com/EduardGomezEscandell/algo/algo/math.go:61.2,61.40 1 0
github.com/EduardGomezEscandell/algo/algo/math.go:58.13,59.42 1 0
github.com/EduardGomezEscandell/algo/algo/array.go:13.46,14.18 1 0
github.com/EduardGomezEscandell/algo/algo/array.go:18.2,19.24 2 0
github.com/EduardGomezEscandell/algo/algo/array.go:22.2,22.10 1 0
github.com/EduardGomezEscandell/algo/algo/array.go:14.18,16.3 1 0
github.com/EduardGomezEscandell/algo/algo/array.go:19.24,21.3 1 0
github.com/EduardGomezEscandell/algo/algo/array.go:26.42,27.32 1 0
github.com/EduardGomezEscandell/algo/algo/array.go:27.32,29.3 1 0
github.com/EduardGomezEscandell/algo/algo/array.go:33.36,35.27 2 0
github.com/EduardGomezEscandell/algo/algo/array.go:38.2,38.12 1 0
github.com/EduardGomezEscandell/algo/algo/array.go:35.27,37.3 1 0
github.com/EduardGomezEscandell/algo/algo/array.go:43.47,45.27 2 0
github.com/EduardGomezEscandell/algo/algo/array.go:48.2,48.12 1 0
github.com/EduardGomezEscandell/algo/algo/array.go:45.27,47.3 1 0
github.com/EduardGomezEscandell/algo/algo/array.go:53.52,54.32 1 0
github.com/EduardGomezEscandell/algo/algo/array.go:54.32,54.57 1 0
github.com/EduardGomezEscandell/algo/algo/array.go:59.57,60.34 1 0
github.com/EduardGomezEscandell/algo/algo/array.go:60.34,60.64 1 0
github.com/EduardGomezEscandell/algo/algo/array.go:75.61,77.24 2 0
github.com/EduardGomezEscandell/algo/algo/array.go:80.2,80.10 1 0
github.com/EduardGomezEscandell/algo/algo/array.go:77.24,79.3 1 0
github.com/EduardGomezEscandell/algo/algo/array.go:92.84,94.24 2 0
github.com/EduardGomezEscandell/algo/algo/array.go:97.2,97.10 1 0
github.com/EduardGomezEscandell/algo/algo/array.go:94.24,96.3 1 0
github.com/EduardGomezEscandell/algo/algo/array.go:103.70,107.26 3 0
github.com/EduardGomezEscandell/algo/algo/array.go:110.2,110.10 1 0
github.com/EduardGomezEscandell/algo/algo/array.go:107.26,109.3 1 0
github.com/EduardGomezEscandell/algo/algo/array.go:133.5,136.26 2 0
github.com/EduardGomezEscandell/algo/algo/array.go:139.2,139.13 1 0
github.com/EduardGomezEscandell/algo/algo/array.go:136.26,138.3 1 0
github.com/EduardGomezEscandell/algo/algo/array.go:144.57,145.18 1 0
github.com/EduardGomezEscandell/algo/algo/array.go:148.2,148.33 1 0
github.com/EduardGomezEscandell/algo/algo/array.go:145.18,147.3 1 0
github.com/EduardGomezEscandell/algo/algo/array.go:160.82,162.18 2 0
github.com/EduardGomezEscandell/algo/algo/array.go:166.2,166.32 1 0
github.com/EduardGomezEscandell/algo/algo/array.go:169.2,169.12 1 0
github.com/EduardGomezEscandell/algo/algo/array.go:162.18,164.3 1 0
github.com/EduardGomezEscandell/algo/algo/array.go:166.32,168.3 1 0
github.com/EduardGomezEscandell/algo/algo/array.go:180.62,181.19 1 0
github.com/EduardGomezEscandell/algo/algo/array.go:185.2,186.28 2 0
github.com/EduardGomezEscandell/algo/algo/array.go:192.2,192.12 1 0
github.com/EduardGomezEscandell/algo/algo/array.go:181.19,183.3 1 0
github.com/EduardGomezEscandell/algo/algo/array.go:186.28,187.19 1 0
github.com/EduardGomezEscandell/algo/algo/array.go:187.19,189.4 1 0
github.com/EduardGomezEscandell/algo/algo/array.go:206.67,207.25 1 0
github.com/EduardGomezEscandell/algo/algo/array.go:214.2,218.28 4 0
github.com/EduardGomezEscandell/algo/algo/array.go:222.2,222.12 1 0
github.com/EduardGomezEscandell/algo/algo/array.go:207.25,213.3 5 0
github.com/EduardGomezEscandell/algo/algo/array.go:218.28,220.3 1 0
github.com/EduardGomezEscandell/algo/algo/array.go:231.74,232.23 1 0
github.com/EduardGomezEscandell/algo/algo/array.go:236.2,237.19 2 0
github.com/EduardGomezEscandell/algo/algo/array.go:244.2,244.12 1 0
github.com/EduardGomezEscandell/algo/algo/array.go:232.23,234.3 1 0
github.com/EduardGomezEscandell/algo/algo/array.go:237.19,238.24 1 0
github.com/EduardGomezEscandell/algo/algo/array.go:242.3,242.20 1 0
github.com/EduardGomezEscandell/algo/algo/array.go:238.24,240.9 2 0
github.com/EduardGomezEscandell/algo/algo/array.go:256.53,257.38 1 0
github.com/EduardGomezEscandell/algo/algo/array.go:257.38,259.3 1 0
github.com/EduardGomezEscandell/algo/algo/array.go:273.72,276.40 3 0
github.com/EduardGomezEscandell/algo/algo/array.go:292.2,292.15 1 0
github.com/EduardGomezEscandell/algo/algo/array.go:276.40,278.32 1 0
github.com/EduardGomezEscandell/algo/algo/array.go:283.3,283.32 1 0
github.com/EduardGomezEscandell/algo/algo/array.go:288.3,290.6 3 0
github.com/EduardGomezEscandell/algo/algo/array.go:278.32,280.12 2 0
github.com/EduardGomezEscandell/algo/algo/array.go:283.32,285.12 2 0
github.com/EduardGomezEscandell/algo/algo/array.go:297.72,298.19 1 0
github.com/EduardGomezEscandell/algo/algo/array.go:302.2,303.32 2 0
github.com/EduardGomezEscandell/algo/algo/array.go:313.2,313.18 1 0
github.com/EduardGomezEscandell/algo/algo/array.go:298.19,300.3 1 0
github.com/EduardGomezEscandell/algo/algo/array.go:303.32,304.38 1 0
github.com/EduardGomezEscandell/algo/algo/array.go:307.3,307.21 1 0
github.com/EduardGomezEscandell/algo/algo/array.go:310.3,310.14 1 0
github.com/EduardGomezEscandell/algo/algo/array.go:304.38,305.12 1 0
github.com/EduardGomezEscandell/algo/algo/array.go:307.21,309.4 1 0
github.com/EduardGomezEscandell/algo/algo/array.go:317.34,319.37 2 0
github.com/EduardGomezEscandell/algo/algo/array.go:322.2,322.12 1 0
github.com/EduardGomezEscandell/algo/algo/array.go:319.37,321.3 1 0
github.com/EduardGomezEscandell/algo/algo/array.go:326.39,328.34 2 0
github.com/EduardGomezEscandell/algo/algo/array.go:331.2,331.12 1 0
github.com/EduardGomezEscandell/algo/algo/array.go:328.34,330.3 1 0
github.com/EduardGomezEscandell/algo/algo/array.go:337.62,338.24 1 0
github.com/EduardGomezEscandell/algo/algo/array.go:343.2,343.11 1 0
github.com/EduardGomezEscandell/algo/algo/array.go:338.24,339.17 1 0
github.com/EduardGomezEscandell/algo/algo/array.go:339.17,341.4 1 0
github.com/EduardGomezEscandell/algo/algo/array.go:348.58,349.24 1 0
github.com/EduardGomezEscandell/algo/algo/array.go:354.2,354.11 1 0
github.com/EduardGomezEscandell/algo/algo/array.go:349.24,350.14 1 0
github.com/EduardGomezEscandell/algo/algo/array.go:350.14,352.4 1 0
github.com/EduardGomezEscandell/algo/algo/array.go:373.68,374.21 1 0
github.com/EduardGomezEscandell/algo/algo/array.go:377.2,377.23 1 0
github.com/EduardGomezEscandell/algo/algo/array.go:388.2,388.10 1 0
github.com/EduardGomezEscandell/algo/algo/array.go:374.21,376.3 1 0
github.com/EduardGomezEscandell/algo/algo/array.go:377.23,378.27 1 0
github.com/EduardGomezEscandell/algo/algo/array.go:381.3,381.13 1 0
github.com/EduardGomezEscandell/algo/algo/array.go:385.3,386.6 2 0
github.com/EduardGomezEscandell/algo/algo/array.go:378.27,379.12 1 0
github.com/EduardGomezEscandell/algo/algo/array.go:381.13,383.12 2 0
github.com/EduardGomezEscandell/algo/algo/array.go:395.56,396.41 1 0
github.com/EduardGomezEscandell/algo/algo/array.go:399.2,401.43 3 0
github.com/EduardGomezEscandell/algo/algo/array.go:404.2,405.12 2 0
github.com/EduardGomezEscandell/algo/algo/array.go:396.41,397.75 1 0
github.com/EduardGomezEscandell/algo/algo/array.go:401.43,403.3 1 0
github.com/EduardGomezEscandell/algo/algo/array.go:414.40,415.24 1 0
github.com/EduardGomezEscandell/algo/algo/array.go:418.2,418.9 1 0
github.com/EduardGomezEscandell/algo/algo/array.go:425.2,425.10 1 0
github.com/EduardGomezEscandell/algo/algo/array.go:415.24,416.100 1 0
github.com/EduardGomezEscandell/algo/algo/array.go:419.13,420.36 1 0
github.com/EduardGomezEscandell/algo/algo/array.go:421.13,422.34 1 0
github.com/EduardGomezEscandell/algo/algo/array.go:423.14,423.14 0 0
github.com/EduardGomezEscandell/algo/algo/array.go:428.45,435.2 6 0
github.com/EduardGomezEscandell/algo/algo/array.go:437.46,444.2 6 0
github.com/EduardGomezEscandell/algo/palgo/array.go:11.46,14.19 3 0
github.com/EduardGomezEscandell/algo/palgo/array.go:17.2,17.37 1 0
github.com/EduardGomezEscandell/algo/palgo/array.go:23.2,23.10 1 0
github.com/EduardGomezEscandell/algo/palgo/array.go:14.19,16.3 1 0
github.com/EduardGomezEscandell/algo/palgo/array.go:17.37,18.36 1 0
github.com/EduardGomezEscandell/algo/palgo/array.go:18.36,20.4 1 0
github.com/EduardGomezEscandell/algo/palgo/array.go:27.42,29.19 2 0
github.com/EduardGomezEscandell/algo/palgo/array.go:33.2,33.37 1 0
github.com/EduardGomezEscandell/algo/palgo/array.go:29.19,32.3 2 0
github.com/EduardGomezEscandell/algo/palgo/array.go:33.37,35.3 1 0
github.com/EduardGomezEscandell/algo/palgo/array.go:39.34,41.19 2 0
github.com/EduardGomezEscandell/algo/palgo/array.go:44.2,45.37 2 0
github.com/EduardGomezEscandell/algo/palgo/array.go:50.2,50.10 1 0
github.com/EduardGomezEscandell/algo/palgo/array.go:41.19,43.3 1 0
github.com/EduardGomezEscandell/algo/palgo/array.go:45.37,46.40 1 0
github.com/EduardGomezEscandell/algo/palgo/array.go:46.40,48.4 1 0
github.com/EduardGomezEscandell/algo/palgo/array.go:66.58,68.19 2 0
github.com/EduardGomezEscandell/algo/palgo/array.go:72.2,73.37 2 0
github.com/EduardGomezEscandell/algo/palgo/array.go:78.2,78.35 1 0
github.com/EduardGomezEscandell/algo/palgo/array.go:68.19,70.3 1 0
github.com/EduardGomezEscandell/algo/palgo/array.go:73.37,77.3 3 0
github.com/EduardGomezEscandell/algo/palgo/array.go:90.81,92.19 2 0
github.com/EduardGomezEscandell/algo/palgo/array.go:96.2,97.37 2 0
github.com/EduardGomezEscandell/algo/palgo/array.go:102.2,102.35 1 0
github.com/EduardGomezEscandell/algo/palgo/array.go:92.19,94.3 1 0
github.com/EduardGomezEscandell/algo/palgo/array.go:97.37,101.3 3 0
github.com/EduardGomezEscandell/algo/palgo/array.go:108.70,111.19 3 0
github.com/EduardGomezEscandell/algo/palgo/array.go:115.2,116.37 2 0
github.com/EduardGomezEscandell/algo/palgo/array.go:121.2,121.10 1 0
github.com/EduardGomezEscandell/algo/palgo/array.go:111.19,113.3 1 0
github.com/EduardGomezEscandell/algo/palgo/array.go:116.37,117.36 1 0
github.com/EduardGomezEscandell/algo/palgo/array.go:117.36,119.4 1 0
github.com/EduardGomezEscandell/algo/palgo/array.go:144.5,147.19 3 0
github.com/EduardGomezEscandell/algo/palgo/array.go:151.2,152.37 2 0
github.com/EduardGomezEscandell/algo/palgo/array.go:160.2,160.35 1 0
github.com/EduardGomezEscandell/algo/palgo/array.go:147.19,149.3 1 0
github.com/EduardGomezEscandell/algo/palgo/array.go:152.37,158.3 5 0
github.com/EduardGomezEscandell/algo/dstruct/stack.go:16.44,18.19 2 1
github.com/EduardGomezEscandell/algo/dstruct/stack.go:19.10,20.52 1 0
github.com/EduardGomezEscandell/algo/dstruct/stack.go:21.9,23.14 2 0
github.com/EduardGomezEscandell/algo/dstruct/stack.go:24.9,26.14 2 0
github.com/EduardGomezEscandell/algo/dstruct/stack.go:27.9,28.51 1 1
github.com/EduardGomezEscandell/algo/dstruct/stack.go:33.30,35.2 1 1
github.com/EduardGomezEscandell/algo/dstruct/stack.go:38.34,40.2 1 1
github.com/EduardGomezEscandell/algo/dstruct/stack.go:43.28,44.17 1 0
github.com/EduardGomezEscandell/algo/dstruct/stack.go:47.2,47.30 1 0
github.com/EduardGomezEscandell/algo/dstruct/stack.go:44.17,45.36 1 0
github.com/EduardGomezEscandell/algo/dstruct/stack.go:51.26,52.17 1 1
github.com/EduardGomezEscandell/algo/dstruct/stack.go:55.2,55.33 1 1
github.com/EduardGomezEscandell/algo/dstruct/stack.go:52.17,53.36 1 1
github.com/EduardGomezEscandell/algo/dstruct/stack.go:59.30,61.2 1 1
github.com/EduardGomezEscandell/algo/dstruct/stack.go:65.31,67.2 1 1
github.com/EduardGomezEscandell/algo/dstruct/stack.go:70.29,72.2 1 0
github.com/EduardGomezEscandell/algo/utils/wrappers.go:4.30,6.2 1 0
github.com/EduardGomezEscandell/algo/utils/wrappers.go:9.30,11.2 1 0
github.com/EduardGomezEscandell/algo/utils/wrappers.go:14.30,16.2 1 0
github.com/EduardGomezEscandell/algo/utils/wrappers.go:20.30,22.2 1 0
github.com/EduardGomezEscandell/algo/utils/wrappers.go:25.30,26.12 1 0
github.com/EduardGomezEscandell/algo/utils/wrappers.go:29.2,29.10 1 0
github.com/EduardGomezEscandell/algo/utils/wrappers.go:26.12,28.3 1 0
github.com/EduardGomezEscandell/algo/utils/wrappers.go:33.30,34.12 1 0
github.com/EduardGomezEscandell/algo/utils/wrappers.go:37.2,37.10 1 0
github.com/EduardGomezEscandell/algo/utils/wrappers.go:34.12,36.3 1 0
github.com/EduardGomezEscandell/algo/utils/wrappers.go:41.32,43.2 1 0
github.com/EduardGomezEscandell/algo/utils/wrappers.go:46.32,48.2 1 0
github.com/EduardGomezEscandell/algo/utils/wrappers.go:51.32,53.2 1 0
github.com/EduardGomezEscandell/algo/utils/wrappers.go:56.32,58.2 1 0
github.com/EduardGomezEscandell/algo/utils/wrappers.go:61.32,63.2 1 0
github.com/EduardGomezEscandell/algo/utils/wrappers.go:66.26,68.2 1 0
github.com/EduardGomezEscandell/algo/utils/wrappers.go:71.25,73.2 1 0
github.com/EduardGomezEscandell/algo/utils/wrappers.go:76.38,78.2 1 0
github.com/EduardGomezEscandell/algo/utils/wrappers.go:4.30,6.2 1 1
github.com/EduardGomezEscandell/algo/utils/wrappers.go:9.30,11.2 1 1
github.com/EduardGomezEscandell/algo/utils/wrappers.go:14.30,16.2 1 1
github.com/EduardGomezEscandell/algo/utils/wrappers.go:20.30,22.2 1 0
github.com/EduardGomezEscandell/algo/utils/wrappers.go:25.30,26.12 1 1
github.com/EduardGomezEscandell/algo/utils/wrappers.go:29.2,29.10 1 1
github.com/EduardGomezEscandell/algo/utils/wrappers.go:26.12,28.3 1 1
github.com/EduardGomezEscandell/algo/utils/wrappers.go:33.30,34.12 1 1
github.com/EduardGomezEscandell/algo/utils/wrappers.go:37.2,37.10 1 0
github.com/EduardGomezEscandell/algo/utils/wrappers.go:34.12,36.3 1 1
github.com/EduardGomezEscandell/algo/utils/wrappers.go:41.32,43.2 1 0
github.com/EduardGomezEscandell/algo/utils/wrappers.go:46.32,48.2 1 0
github.com/EduardGomezEscandell/algo/utils/wrappers.go:51.32,53.2 1 0
github.com/EduardGomezEscandell/algo/utils/wrappers.go:56.32,58.2 1 0
github.com/EduardGomezEscandell/algo/utils/wrappers.go:61.32,63.2 1 0
github.com/EduardGomezEscandell/algo/utils/wrappers.go:66.26,68.2 1 0
github.com/EduardGomezEscandell/algo/utils/wrappers.go:71.25,73.2 1 0
github.com/EduardGomezEscandell/algo/utils/wrappers.go:76.38,78.2 1 0
github.com/EduardGomezEscandell/algo/dstruct/lru.go:17.59,20.53 1 0
github.com/EduardGomezEscandell/algo/dstruct/lru.go:20.53,20.81 1 0
github.com/EduardGomezEscandell/algo/dstruct/lru.go:28.37,30.2 1 0
github.com/EduardGomezEscandell/algo/dstruct/lru.go:35.54,37.9 2 0
github.com/EduardGomezEscandell/algo/dstruct/lru.go:40.2,42.25 3 0
github.com/EduardGomezEscandell/algo/dstruct/lru.go:37.9,39.3 1 0
github.com/EduardGomezEscandell/algo/dstruct/lru.go:47.41,50.8 3 0
github.com/EduardGomezEscandell/algo/dstruct/lru.go:54.2,55.31 2 0
github.com/EduardGomezEscandell/algo/dstruct/lru.go:62.2,67.21 5 0
github.com/EduardGomezEscandell/algo/dstruct/lru.go:50.8,53.3 2 0
github.com/EduardGomezEscandell/algo/dstruct/lru.go:55.31,58.3 2 0
github.com/EduardGomezEscandell/algo/dstruct/lru.go:58.8,60.3 1 0
github.com/EduardGomezEscandell/algo/utils/functional.go:20.53,21.27 1 0
github.com/EduardGomezEscandell/algo/utils/functional.go:21.27,23.3 1 0
github.com/EduardGomezEscandell/algo/utils/functional.go:27.29,29.2 1 0
github.com/EduardGomezEscandell/algo/algo/array.go:13.46,14.18 1 1
github.com/EduardGomezEscandell/algo/algo/array.go:18.2,19.24 2 1
github.com/EduardGomezEscandell/algo/algo/array.go:22.2,22.10 1 1
github.com/EduardGomezEscandell/algo/algo/array.go:14.18,16.3 1 1
github.com/EduardGomezEscandell/algo/algo/array.go:19.24,21.3 1 1
github.com/EduardGomezEscandell/algo/algo/array.go:26.42,27.32 1 0
github.com/EduardGomezEscandell/algo/algo/array.go:27.32,29.3 1 0
github.com/EduardGomezEscandell/algo/algo/array.go:33.36,35.27 2 0
github.com/EduardGomezEscandell/algo/algo/array.go:38.2,38.12 1 0
github.com/EduardGomezEscandell/algo/algo/array.go:35.27,37.3 1 0
github.com/EduardGomezEscandell/algo/algo/array.go:43.47,45.27 2 0
github.com/EduardGomezEscandell/algo/algo/array.go:48.2,48.12 1 0
github.com/EduardGomezEscandell/algo/algo/array.go:45.27,47.3 1 0
github.com/EduardGomezEscandell/algo/algo/array.go:53.52,54.32 1 0
github.com/EduardGomezEscandell/algo/algo/array.go:54.32,54.57 1 0
github.com/EduardGomezEscandell/algo/algo/array.go:59.57,60.34 1 0
github.com/EduardGomezEscandell/algo/algo/array.go:60.34,60.64 1 0
github.com/EduardGomezEscandell/algo/algo/array.go:75.61,77.24 2 1
github.com/EduardGomezEscandell/algo/algo/array.go:80.2,80.10 1 1
github.com/EduardGomezEscandell/algo/algo/array.go:77.24,79.3 1 1
github.com/EduardGomezEscandell/algo/algo/array.go:92.84,94.24 2 1
github.com/EduardGomezEscandell/algo/algo/array.go:97.2,97.10 1 1
github.com/EduardGomezEscandell/algo/algo/array.go:94.24,96.3 1 1
github.com/EduardGomezEscandell/algo/algo/array.go:103.70,107.26 3 1
github.com/EduardGomezEscandell/algo/algo/array.go:110.2,110.10 1 1
github.com/EduardGomezEscandell/algo/algo/array.go:107.26,109.3 1 1
github.com/EduardGomezEscandell/algo/algo/array.go:133.5,136.26 2 1
github.com/EduardGomezEscandell/algo/algo/array.go:139.2,139.13 1 1
github.com/EduardGomezEscandell/algo/algo/array.go:136.26,138.3 1 1
github.com/EduardGomezEscandell/algo/algo/array.go:144.57,145.18 1 0
github.com/EduardGomezEscandell/algo/algo/array.go:148.2,148.33 1 0
github.com/EduardGomezEscandell/algo/algo/array.go:145.18,147.3 1 0
github.com/EduardGomezEscandell/algo/algo/array.go:160.82,162.18 2 0
github.com/EduardGomezEscandell/algo/algo/array.go:166.2,166.32 1 0
github.com/EduardGomezEscandell/algo/algo/array.go:169.2,169.12 1 0
github.com/EduardGomezEscandell/algo/algo/array.go:162.18,164.3 1 0
github.com/EduardGomezEscandell/algo/algo/array.go:166.32,168.3 1 0
github.com/EduardGomezEscandell/algo/algo/array.go:180.62,181.19 1 0
github.com/EduardGomezEscandell/algo/algo/array.go:185.2,186.28 2 0
github.com/EduardGomezEscandell/algo/algo/array.go:192.2,192.12 1 0
github.com/EduardGomezEscandell/algo/algo/array.go:181.19,183.3 1 0
github.com/EduardGomezEscandell/algo/algo/array.go:186.28,187.19 1 0
github.com/EduardGomezEscandell/algo/algo/array.go:187.19,189.4 1 0
github.com/EduardGomezEscandell/algo/algo/array.go:206.67,207.25 1 0
github.com/EduardGomezEscandell/algo/algo/array.go:214.2,218.28 4 0
github.com/EduardGomezEscandell/algo/algo/array.go:222.2,222.12 1 0
github.com/EduardGomezEscandell/algo/algo/array.go:207.25,213.3 5 0
github.com/EduardGomezEscandell/algo/algo/array.go:218.28,220.3 1 0
github.com/EduardGomezEscandell/algo/algo/array.go:231.74,232.23 1 0
github.com/EduardGomezEscandell/algo/algo/array.go:236.2,237.19 2 0
github.com/EduardGomezEscandell/algo/algo/array.go:244.2,244.12 1 0
github.com/EduardGomezEscandell/algo/algo/array.go:232.23,234.3 1 0
github.com/EduardGomezEscandell/algo/algo/array.go:237.19,238.24 1 0
github.com/EduardGomezEscandell/algo/algo/array.go:242.3,242.20 1 0
github.com/EduardGomezEscandell/algo/algo/array.go:238.24,240.9 2 0
github.com/EduardGomezEscandell/algo/algo/array.go:256.53,257.38 1 0
github.com/EduardGomezEscandell/algo/algo/array.go:257.38,259.3 1 0
github.com/EduardGomezEscandell/algo/algo/array.go:273.72,276.40 3 0
github.com/EduardGomezEscandell/algo/algo/array.go:292.2,292.15 1 0
github.com/EduardGomezEscandell/algo/algo/array.go:276.40,278.32 1 0
github.com/EduardGomezEscandell/algo/algo/array.go:283.3,283.32 1 0
github.com/EduardGomezEscandell/algo/algo/array.go:288.3,290.6 3 0
github.com/EduardGomezEscandell/algo/algo/array.go:278.32,280.12 2 0
github.com/EduardGomezEscandell/algo/algo/array.go:283.32,285.12 2 0
github.com/EduardGomezEscandell/algo/algo/array.go:297.72,298.19 1 0
github.com/EduardGomezEscandell/algo/algo/array.go:302.2,303.32 2 0
github.com/EduardGomezEscandell/algo/algo/array.go:313.2,313.18 1 0
github.com/EduardGomezEscandell/algo/algo/array.go:298.19,300.3 1 0
github.com/EduardGomezEscandell/algo/algo/array.go:303.32,304.38 1 0
github.com/EduardGomezEscandell/algo/algo/array.go:307.3,307.21 1 0
github.com/EduardGomezEscandell/algo/algo/array.go:310.3,310.14 1 0
github.com/EduardGomezEscandell/algo/algo/array.go:304.38,305.12 1 0
github.com/EduardGomezEscandell/algo/algo/array.go:307.21,309.4 1 0
github.com/EduardGomezEscandell/algo/algo/array.go:317.34,319.37 2 0
github.com/EduardGomezEscandell/algo/algo/array.go:322.2,322.12 1 0
github.com/EduardGomezEscandell/algo/algo/array.go:319.37,321.3 1 0
github.com/EduardGomezEscandell/algo/algo/array.go:326.39,328.34 2 0
github.com/EduardGomezEscandell/algo/algo/array.go:331.2,331.12 1 0
github.com/EduardGomezEscandell/algo/algo/array.go:328.34,330.3 1 0
github.com/EduardGomezEscandell/algo/algo/array.go:337.62,338.24 1 0
github.com/EduardGomezEscandell/algo/algo/array.go:343.2,343.11 1 0
github.com/EduardGomezEscandell/algo/algo/array.go:338.24,339.17 1 0
github.com/EduardGomezEscandell/algo/algo/array.go:339.17,341.4 1 0
github.com/EduardGomezEscandell/algo/algo/array.go:348.58,349.24 1 0
github.com/EduardGomezEscandell/algo/algo/array.go:354.2,354.11 1 0
github.com/EduardGomezEscandell/algo/algo/array.go:349.24,350.14 1 0
github.com/EduardGomezEscandell/algo/algo/array.go:350.14,352.4 1 0
github.com/EduardGomezEscandell/algo/algo/array.go:373.68,374.21 1 0
github.com/EduardGomezEscandell/algo/algo/array.go:377.2,377.23 1 0
github.com/EduardGomezEscandell/algo/algo/array.go:388.2,388.10 1 0
github.com/EduardGomezEscandell/algo/algo/array.go:374.21,376.3 1 0
github.com/EduardGomezEscandell/algo/algo/array.go:377.23,378.27 1 0
github.com/EduardGomezEscandell/algo/algo/array.go:381.3,381.13 1 0
github.com/EduardGomezEscandell/algo/algo/array.go:385.3,386.6 2 0
github.com/EduardGomezEscandell/algo/algo/array.go:378.27,379.12 1 0
github.com/EduardGomezEscandell/algo/algo/array.go:381.13,383.12 2 0
github.com/EduardGomezEscandell/algo/algo/array.go:395.56,396.41 1 0
github.com/EduardGomezEscandell/algo/algo/array.go:399.2,401.43 3 0
github.com/EduardGomezEscandell/algo/algo/array.go:404.2,405.12 2 0
github.com/EduardGomezEscandell/algo/algo/array.go:396.41,397.75 1 0
github.com/EduardGomezEscandell/algo/algo/array.go:401.43,403.3 1 0
github.com/EduardGomezEscandell/algo/algo/array.go:414.40,415.24 1 0
github.com/EduardGomezEscandell/algo/algo/array.go:418.2,418.9 1 0
github.com/EduardGomezEscandell/algo/algo/array.go:425.2,425.10 1 0
github.com/EduardGomezEscandell/algo/algo/array.go:415.24,416.100 1 0
github.com/EduardGomezEscandell/algo/algo/array.go:419.13,420.36 1 0
github.com/EduardGomezEscandell/algo/algo/array.go:421.13,422.34 1 0
github.com/EduardGomezEscandell/algo/algo/array.go:423.14,423.14 0 0
github.com/EduardGomezEscandell/algo/algo/array.go:428.45,435.2 6 0
github.com/EduardGomezEscandell/algo/algo/array.go:437.46,444.2 6 0
github.com/EduardGomezEscandell/algo/algo/math.go:9.43,10.13 1 0
github.com/EduardGomezEscandell/algo/algo/math.go:15.2,15.10 1 0
github.com/EduardGomezEscandell/algo/algo/math.go:10.13,14.3 3 0
github.com/EduardGomezEscandell/algo/algo/math.go:19.58,22.37 2 0
github.com/EduardGomezEscandell/algo/algo/math.go:26.2,26.15 1 0
github.com/EduardGomezEscandell/algo/algo/math.go:22.37,24.3 1 0
github.com/EduardGomezEscandell/algo/algo/math.go:31.36,32.9 1 1
github.com/EduardGomezEscandell/algo/algo/math.go:38.2,38.10 1 1
github.com/EduardGomezEscandell/algo/algo/math.go:33.13,34.11 1 1
github.com/EduardGomezEscandell/algo/algo/math.go:35.13,36.12 1 1
github.com/EduardGomezEscandell/algo/algo/math.go:43.33,45.2 1 0
github.com/EduardGomezEscandell/algo/algo/math.go:48.43,49.7 1 0
github.com/EduardGomezEscandell/algo/algo/math.go:52.2,52.10 1 0
github.com/EduardGomezEscandell/algo/algo/math.go:49.7,51.3 1 0
github.com/EduardGomezEscandell/algo/algo/math.go:57.43,58.13 1 0
github.com/EduardGomezEscandell/algo/algo/math.go:61.2,61.40 1 0
github.com/EduardGomezEscandell/algo/algo/math.go:58.13,59.42 1 0
github.com/EduardGomezEscandell/algo/dstruct/heap.go:17.55,19.2 1 0
github.com/EduardGomezEscandell/algo/dstruct/heap.go:22.70,31.2 3 0
github.com/EduardGomezEscandell/algo/dstruct/heap.go:35.29,37.2 1 0
github.com/EduardGomezEscandell/algo/dstruct/heap.go:42.27,44.2 1 0
github.com/EduardGomezEscandell/algo/dstruct/heap.go:47.28,49.2 1 0
github.com/EduardGomezEscandell/algo/dstruct/heap.go:53.30,55.2 1 0
github.com/EduardGomezEscandell/algo/dstruct/heap.go:59.34,61.2 1 0
github.com/EduardGomezEscandell/algo/dstruct/heap.go:67.29,69.2 1 0
github.com/EduardGomezEscandell/algo/dstruct/heap.go:75.27,77.2 1 0
github.com/EduardGomezEscandell/algo/dstruct/heap.go:86.42,86.64 1 0
github.com/EduardGomezEscandell/algo/dstruct/heap.go:87.42,87.81 1 0
github.com/EduardGomezEscandell/algo/dstruct/heap.go:88.42,88.89 1 0
github.com/EduardGomezEscandell/algo/dstruct/heap.go:92.35,95.2 1 0
github.com/EduardGomezEscandell/algo/dstruct/heap.go:99.33,105.2 5 0
github.com/EduardGomezEscandell/algo/dstruct/stack.go:16.44,18.19 2 0
github.com/EduardGomezEscandell/algo/dstruct/stack.go:19.10,20.52 1 0
github.com/EduardGomezEscandell/algo/dstruct/stack.go:21.9,23.14 2 0
github.com/EduardGomezEscandell/algo/dstruct/stack.go:24.9,26.14 2 0
github.com/EduardGomezEscandell/algo/dstruct/stack.go:27.9,28.51 1 0
github.com/EduardGomezEscandell/algo/dstruct/stack.go:33.30,35.2 1 0
github.com/EduardGomezEscandell/algo/dstruct/stack.go:38.34,40.2 1 0
github.com/EduardGomezEscandell/algo/dstruct/stack.go:43.28,44.17 1 0
github.com/EduardGomezEscandell/algo/dstruct/stack.go:47.2,47.30 1 0
github.com/EduardGomezEscandell/algo/dstruct/stack.go:44.17,45.36 1 0
github.com/EduardGomezEscandell/algo/dstruct/stack.go:51.26,52.17 1 0
github.com/EduardGomezEscandell/algo/dstruct/stack.go:55.2,55.33 1 0
github.com/EduardGomezEscandell/algo/dstruct/stack.go:52.17,53.36 1 0
github.com/EduardGomezEscandell/algo/dstruct/stack.go:59.30,61.2 1 0
github.com/EduardGomezEscandell/algo/dstruct/stack.go:65.31,67.2 1 0
github.com/EduardGomezEscandell/algo/dstruct/stack.go:70.29,72.2 1 0
github.com/EduardGomezEscandell/algo/palgo/array.go:11.46,14.19 3 1
github.com/EduardGomezEscandell/algo/palgo/array.go:17.2,17.37 1 1
github.com/EduardGomezEscandell/algo/palgo/array.go:23.2,23.10 1 1
github.com/EduardGomezEscandell/algo/palgo/array.go:14.19,16.3 1 1
github.com/EduardGomezEscandell/algo/palgo/array.go:17.37,18.36 1 1
github.com/EduardGomezEscandell/algo/palgo/array.go:18.36,20.4 1 1
github.com/EduardGomezEscandell/algo/palgo/array.go:27.42,29.19 2 0
github.com/EduardGomezEscandell/algo/palgo/array.go:33.2,33.37 1 0
github.com/EduardGomezEscandell/algo/palgo/array.go:29.19,32.3 2 0
github.com/EduardGomezEscandell/algo/palgo/array.go:33.37,35.3 1 0
github.com/EduardGomezEscandell/algo/palgo/array.go:39.34,41.19 2 0
github.com/EduardGomezEscandell/algo/palgo/array.go:44.2,45.37 2 0
github.com/EduardGomezEscandell/algo/palgo/array.go:50.2,50.10 1 0
github.com/EduardGomezEscandell/algo/palgo/array.go:41.19,43.3 1 0
github.com/EduardGomezEscandell/algo/palgo/array.go:45.37,46.40 1 0
github.com/EduardGomezEscandell/algo/palgo/array.go:46.40,48.4 1 0
github.com/EduardGomezEscandell/algo/palgo/array.go:66.58,68.19 2 1
github.com/EduardGomezEscandell/algo/palgo/array.go:72.2,73.37 2 1
github.com/EduardGomezEscandell/algo/palgo/array.go:78.2,78.35 1 1
github.com/EduardGomezEscandell/algo/palgo/array.go:68.19,70.3 1 1
github.com/EduardGomezEscandell/algo/palgo/array.go:73.37,77.3 3 1
github.com/EduardGomezEscandell/algo/palgo/array.go:90.81,92.19 2 0
github.com/EduardGomezEscandell/algo/palgo/array.go:96.2,97.37 2 0
github.com/EduardGomezEscandell/algo/palgo/array.go:102.2,102.35 1 0
github.com/EduardGomezEscandell/algo/palgo/array.go:92.19,94.3 1 0
github.com/EduardGomezEscandell/algo/palgo/array.go:97.37,101.3 3 0
github.com/EduardGomezEscandell/algo/palgo/array.go:108.70,111.19 3 0
github.com/EduardGomezEscandell/algo/palgo/array.go:115.2,116.37 2 0
github.com/EduardGomezEscandell/algo/palgo/array.go:121.2,121.10 1 0
github.com/EduardGomezEscandell/algo/palgo/array.go:111.19,113.3 1 0
github.com/EduardGomezEscandell/algo/palgo/array.go:116.37,117.36 1 0
github.com/EduardGomezEscandell/algo/palgo/array.go:117.36,119.4 1 0
github.com/EduardGomezEscandell/algo/palgo/array.go:144.5,147.19 3 0
github.com/EduardGomezEscandell/algo/palgo/array.go:151.2,152.37 2 0
github.com/EduardGomezEscandell/algo/palgo/array.go:160.2,160.35 1 0
github.com/EduardGomezEscandell/algo/palgo/array.go:147.19,149.3 1 0
github.com/EduardGomezEscandell/algo/palgo/array.go:152.37,158.3 5 0
github.com/EduardGomezEscandell/algo/palgo/work_alloc.go:20.30,22.2 1 1
github.com/EduardGomezEscandell/algo/palgo/work_alloc.go:24.31,26.2 1 1
github.com/EduardGomezEscandell/algo/palgo/work_alloc.go:28.47,29.24 1 1
github.com/EduardGomezEscandell/algo/palgo/work_alloc.go:36.2,40.32 4 1
github.com/EduardGomezEscandell/algo/palgo/work_alloc.go:48.2,50.29 3 1
github.com/EduardGomezEscandell/algo/palgo/work_alloc.go:55.2,55.10 1 1
github.com/EduardGomezEscandell/algo/palgo/work_alloc.go:29.24,34.3 1 1
github.com/EduardGomezEscandell/algo/palgo/work_alloc.go:40.32,46.3 1 1
github.com/EduardGomezEscandell/algo/palgo/work_alloc.go:50.29,53.3 2 1
github.com/EduardGomezEscandell/algo/palgo/work_alloc.go:58.54,60.29 2 1
github.com/EduardGomezEscandell/algo/palgo/work_alloc.go:69.2,69.11 1 1
github.com/EduardGomezEscandell/algo/palgo/work_alloc.go:60.29,63.13 3 1
github.com/EduardGomezEscandell/algo/palgo/work_alloc.go:63.13,66.4 2 1
github.com/EduardGomezEscandell/algo/utils/wrappers.go:4.30,6.2 1 1
github.com/EduardGomezEscandell/algo/utils/wrappers.go:9.30,11.2 1 1
github.com/EduardGomezEscandell/algo/utils/wrappers.go:14.30,16.2 1 1
github.com/EduardGomezEscandell/algo/utils/wrappers.go:20.30,22.2 1 0
github.com/EduardGomezEscandell/algo/utils/wrappers.go:25.30,26.12 1 1
github.com/EduardGomezEscandell/algo/utils/wrappers.go:29.2,29.10 1 1
github.com/EduardGomezEscandell/algo/utils/wrappers.go:26.12,28.3 1 1
github.com/EduardGomezEscandell/algo/utils/wrappers.go:33.30,34.12 1 1
github.com/EduardGomezEscandell/algo/utils/wrappers.go:37.2,37.10 1 1
github.com/EduardGomezEscandell/algo/utils/wrappers.go:34.12,36.3 1 1
github.com/EduardGomezEscandell/algo/utils/wrappers.go:41.32,43.2 1 1
github.com/EduardGomezEscandell/algo/utils/wrappers.go:46.32,48.2 1 0
github.com/EduardGomezEscandell/algo/utils/wrappers.go:51.32,53.2 1 1
github.com/EduardGomezEscandell/algo/utils/wrappers.go:56.32,58.2 1 0
github.com/EduardGomezEscandell/algo/utils/wrappers.go:61.32,63.2 1 1
github.com/EduardGomezEscandell/algo/utils/wrappers.go:66.26,68.2 1 0
github.com/EduardGomezEscandell/algo/utils/wrappers.go:71.25,73.2 1 0
github.com/EduardGomezEscandell/algo/utils/wrappers.go:76.38,78.2 1 0
github.com/EduardGomezEscandell/algo/dstruct/lru.go:17.59,20.53 1 0
github.com/EduardGomezEscandell/algo/dstruct/lru.go:20.53,20.81 1 0
github.com/EduardGomezEscandell/algo/dstruct/lru.go:28.37,30.2 1 0
github.com/EduardGomezEscandell/algo/dstruct/lru.go:35.54,37.9 2 0
github.com/EduardGomezEscandell/algo/dstruct/lru.go:40.2,42.25 3 0
github.com/EduardGomezEscandell/algo/dstruct/lru.go:37.9,39.3 1 0
github.com/EduardGomezEscandell/algo/dstruct/lru.go:47.41,50.8 3 0
github.com/EduardGomezEscandell/algo/dstruct/lru.go:54.2,55.31 2 0
github.com/EduardGomezEscandell/algo/dstruct/lru.go:62.2,67.21 5 0
github.com/EduardGomezEscandell/algo/dstruct/lru.go:50.8,53.3 2 0
github.com/EduardGomezEscandell/algo/dstruct/lru.go:55.31,58.3 2 0
github.com/EduardGomezEscandell/algo/dstruct/lru.go:58.8,60.3 1 0
github.com/EduardGomezEscandell/algo/algo/array.go:13.46,14.18 1 1
github.com/EduardGomezEscandell/algo/algo/array.go:18.2,19.24 2 1
github.com/EduardGomezEscandell/algo/algo/array.go:22.2,22.10 1 1
github.com/EduardGomezEscandell/algo/algo/array.go:14.18,16.3 1 1
github.com/EduardGomezEscandell/algo/algo/array.go:19.24,21.3 1 1
github.com/EduardGomezEscandell/algo/algo/array.go:26.42,27.32 1 0
github.com/EduardGomezEscandell/algo/algo/array.go:27.32,29.3 1 0
github.com/EduardGomezEscandell/algo/algo/array.go:33.36,35.27 2 0
github.com/EduardGomezEscandell/algo/algo/array.go:38.2,38.12 1 0
github.com/EduardGomezEscandell/algo/algo/array.go:35.27,37.3 1 0
github.com/EduardGomezEscandell/algo/algo/array.go:43.47,45.27 2 0
github.com/EduardGomezEscandell/algo/algo/array.go:48.2,48.12 1 0
github.com/EduardGomezEscandell/algo/algo/array.go:45.27,47.3 1 0
github.com/EduardGomezEscandell/algo/algo/array.go:53.52,54.32 1 0
github.com/EduardGomezEscandell/algo/algo/array.go:54.32,54.57 1 0
github.com/EduardGomezEscandell/algo/algo/array.go:59.57,60.34 1 0
github.com/EduardGomezEscandell/algo/algo/array.go:60.34,60.64 1 0
github.com/EduardGomezEscandell/algo/algo/array.go:75.61,77.24 2 1
github.com/EduardGomezEscandell/algo/algo/array.go:80.2,80.10 1 1
github.com/EduardGomezEscandell/algo/algo/array.go:77.24,79.3 1 1
github.com/EduardGomezEscandell/algo/algo/array.go:92.84,94.24 2 1
github.com/EduardGomezEscandell/algo/algo/array.go:97.2,97.10 1 1
github.com/EduardGomezEscandell/algo/algo/array.go:94.24,96.3 1 1
github.com/EduardGomezEscandell/algo/algo/array.go:103.70,107.26 3 1
github.com/EduardGomezEscandell/algo/algo/array.go:110.2,110.10 1 1
github.com/EduardGomezEscandell/algo/algo/array.go:107.26,109.3 1 1
github.com/EduardGomezEscandell/algo/algo/array.go:133.5,136.26 2 1
github.com/EduardGomezEscandell/algo/algo/array.go:139.2,139.13 1 1
github.com/EduardGomezEscandell/algo/algo/array.go:136.26,138.3 1 1
github.com/EduardGomezEscandell/algo/algo/array.go:144.57,145.18 1 1
github.com/EduardGomezEscandell/algo/algo/array.go:148.2,148.33 1 1
github.com/EduardGomezEscandell/algo/algo/array.go:145.18,147.3 1 1
github.com/EduardGomezEscandell/algo/algo/array.go:160.82,162.18 2 1
github.com/EduardGomezEscandell/algo/algo/array.go:166.2,166.32 1 1
github.com/EduardGomezEscandell/algo/algo/array.go:169.2,169.12 1 1
github.com/EduardGomezEscandell/algo/algo/array.go:162.18,164.3 1 1
github.com/EduardGomezEscandell/algo/algo/array.go:166.32,168.3 1 1
github.com/EduardGomezEscandell/algo/algo/array.go:180.62,181.19 1 0
github.com/EduardGomezEscandell/algo/algo/array.go:185.2,186.28 2 0
github.com/EduardGomezEscandell/algo/algo/array.go:192.2,192.12 1 0
github.com/EduardGomezEscandell/algo/algo/array.go:181.19,183.3 1 0
github.com/EduardGomezEscandell/algo/algo/array.go:186.28,187.19 1 0
github.com/EduardGomezEscandell/algo/algo/array.go:187.19,189.4 1 0
github.com/EduardGomezEscandell/algo/algo/array.go:206.67,207.25 1 1
github.com/EduardGomezEscandell/algo/algo/array.go:214.2,218.28 4 1
github.com/EduardGomezEscandell/algo/algo/array.go:222.2,222.12 1 1
github.com/EduardGomezEscandell/algo/algo/array.go:207.25,213.3 5 1
github.com/EduardGomezEscandell/algo/algo/array.go:218.28,220.3 1 1
github.com/EduardGomezEscandell/algo/algo/array.go:231.74,232.23 1 1
github.com/EduardGomezEscandell/algo/algo/array.go:236.2,237.19 2 1
github.com/EduardGomezEscandell/algo/algo/array.go:244.2,244.12 1 1
github.com/EduardGomezEscandell/algo/algo/array.go:232.23,234.3 1 1
github.com/EduardGomezEscandell/algo/algo/array.go:237.19,238.24 1 1
github.com/EduardGomezEscandell/algo/algo/array.go:242.3,242.20 1 1
github.com/EduardGomezEscandell/algo/algo/array.go:238.24,240.9 2 1
github.com/EduardGomezEscandell/algo/algo/array.go:256.53,257.38 1 1
github.com/EduardGomezEscandell/algo/algo/array.go:257.38,259.3 1 1
github.com/EduardGomezEscandell/algo/algo/array.go:273.72,276.40 3 1
github.com/EduardGomezEscandell/algo/algo/array.go:292.2,292.15 1 1
github.com/EduardGomezEscandell/algo/algo/array.go:276.40,278.32 1 1
github.com/EduardGomezEscandell/algo/algo/array.go:283.3,283.32 1 1
github.com/EduardGomezEscandell/algo/algo/array.go:288.3,290.6 3 1
github.com/EduardGomezEscandell/algo/algo/array.go:278.32,280.12 2 1
github.com/EduardGomezEscandell/algo/algo/array.go:283.32,285.12 2 1
github.com/EduardGomezEscandell/algo/algo/array.go:297.72,298.19 1 1
github.com/EduardGomezEscandell/algo/algo/array.go:302.2,303.32 2 1
github.com/EduardGomezEscandell/algo/algo/array.go:313.2,313.18 1 1
github.com/EduardGomezEscandell/algo/algo/array.go:298.19,300.3 1 1
github.com/EduardGomezEscandell/algo/algo/array.go:303.32,304.38 1 1
github.com/EduardGomezEscandell/algo/algo/array.go:307.3,307.21 1 1
github.com/EduardGomezEscandell/algo/algo/array.go:310.3,310.14 1 1
github.com/EduardGomezEscandell/algo/algo/array.go:304.38,305.12 1 1
github.com/EduardGomezEscandell/algo/algo/array.go:307.21,309.4 1 1
github.com/EduardGomezEscandell/algo/algo/array.go:317.34,319.37 2 0
github.com/EduardGomezEscandell/algo/algo/array.go:322.2,322.12 1 0
github.com/EduardGomezEscandell/algo/algo/array.go:319.37,321.3 1 0
github.com/EduardGomezEscandell/algo/algo/array.go:326.39,328.34 2 0
github.com/EduardGomezEscandell/algo/algo/array.go:331.2,331.12 1 0
github.com/EduardGomezEscandell/algo/algo/array.go:328.34,330.3 1 0
github.com/EduardGomezEscandell/algo/algo/array.go:337.62,338.24 1 1
github.com/EduardGomezEscandell/algo/algo/array.go:343.2,343.11 1 1
github.com/EduardGomezEscandell/algo/algo/array.go:338.24,339.17 1 1
github.com/EduardGomezEscandell/algo/algo/array.go:339.17,341.4 1 1
github.com/EduardGomezEscandell/algo/algo/array.go:348.58,349.24 1 0
github.com/EduardGomezEscandell/algo/algo/array.go:354.2,354.11 1 0
github.com/EduardGomezEscandell/algo/algo/array.go:349.24,350.14 1 0
github.com/EduardGomezEscandell/algo/algo/array.go:350.14,352.4 1 0
github.com/EduardGomezEscandell/algo/algo/array.go:373.68,374.21 1 1
github.com/EduardGomezEscandell/algo/algo/array.go:377.2,377.23 1 1
github.com/EduardGomezEscandell/algo/algo/array.go:388.2,388.10 1 1
github.com/EduardGomezEscandell/algo/algo/array.go:374.21,376.3 1 1
github.com/EduardGomezEscandell/algo/algo/array.go:377.23,378.27 1 1
github.com/EduardGomezEscandell/algo/algo/array.go:381.3,381.13 1 1
github.com/EduardGomezEscandell/algo/algo/array.go:385.3,386.6 2 1
github.com/EduardGomezEscandell/algo/algo/array.go:378.27,379.12 1 1
github.com/EduardGomezEscandell/algo/algo/array.go:381.13,383.12 2 1
github.com/EduardGomezEscandell/algo/algo/array.go:395.56,396.41 1 1
github.com/EduardGomezEscandell/algo/algo/array.go:399.2,401.43 3 1
github.com/EduardGomezEscandell/algo/algo/array.go:404.2,405.12 2 1
github.com/EduardGomezEscandell/algo/algo/array.go:396.41,397.75 1 0
github.com/EduardGomezEscandell/algo/algo/array.go:401.43,403.3 1 1
github.com/EduardGomezEscandell/algo/algo/array.go:414.40,415.24 1 1
github.com/EduardGomezEscandell/algo/algo/array.go:418.2,418.9 1 1
github.com/EduardGomezEscandell/algo/algo/array.go:425.2,425.10 1 0
github.com/EduardGomezEscandell/algo/algo/array.go:415.24,416.100 1 0
github.com/EduardGomezEscandell/algo/algo/array.go:419.13,420.36 1 1
github.com/EduardGomezEscandell/algo/algo/array.go:421.13,422.34 1 0
github.com/EduardGomezEscandell/algo/algo/array.go:423.14,423.14 0 0
github.com/EduardGomezEscandell/algo/algo/array.go:428.45,435.2 6 0
github.com/EduardGomezEscandell/algo/algo/array.go:437.46,444.2 6 1
github.com/EduardGomezEscandell/algo/algo/math.go:9.43,10.13 1 1
github.com/EduardGomezEscandell/algo/algo/math.go:15.2,15.10 1 1
github.com/EduardGomezEscandell/algo/algo/math.go:10.13,14.3 3 1
github.com/EduardGomezEscandell/algo/algo/math.go:19.58,22.37 2 1
github.com/EduardGomezEscandell/algo/algo/math.go:26.2,26.15 1 1
github.com/EduardGomezEscandell/algo/algo/math.go:22.37,24.3 1 1
github.com/EduardGomezEscandell/algo/algo/math.go:31.36,32.9 1 1
github.com/EduardGomezEscandell/algo/algo/math.go:38.2,38.10 1 1
github.com/EduardGomezEscandell/algo/algo/math.go:33.13,34.11 1 1
github.com/EduardGomezEscandell/algo/algo/math.go:35.13,36.12 1 1
github.com/EduardGomezEscandell/algo/algo/math.go:43.33,45.2 1 1
github.com/EduardGomezEscandell/algo/algo/math.go:48.43,49.7 1 1
github.com/EduardGomezEscandell/algo/algo/math.go:52.2,52.10 1 1
github.com/EduardGomezEscandell/algo/algo/math.go:49.7,51.3 1 1
github.com/EduardGomezEscandell/algo/algo/math.go:57.43,58.13 1 1
github.com/EduardGomezEscandell/algo/algo/math.go:61.2,61.40 1 1
github.com/EduardGomezEscandell/algo/algo/math.go:58.13,59.42 1 0
github.com/EduardGomezEscandell/algo/utils/functional.go:20.53,21.27 1 1
github.com/EduardGomezEscandell/algo/utils/functional.go:21.27,23.3 1 1
github.com/EduardGomezEscandell/algo/utils/functional.go:27.29,29.2 1 0
github.com/EduardGomezEscandell/algo/dstruct/heap.go:17.55,19.2 1 0
github.com/EduardGomezEscandell/algo/dstruct/heap.go:22.70,31.2 3 0
github.com/EduardGomezEscandell/algo/dstruct/heap.go:35.29,37.2 1 0
github.com/EduardGomezEscandell/algo/dstruct/heap.go:42.27,44.2 1 0
github.com/EduardGomezEscandell/algo/dstruct/heap.go:47.28,49.2 1 0
github.com/EduardGomezEscandell/algo/dstruct/heap.go:53.30,55.2 1 0
github.com/EduardGomezEscandell/algo/dstruct/heap.go:59.34,61.2 1 0
github.com/EduardGomezEscandell/algo/dstruct/heap.go:67.29,69.2 1 0
github.com/EduardGomezEscandell/algo/dstruct/heap.go:75.27,77.2 1 0
github.com/EduardGomezEscandell/algo/dstruct/heap.go:86.42,86.64 1 0
github.com/EduardGomezEscandell/algo/dstruct/heap.go:87.42,87.81 1 0
github.com/EduardGomezEscandell/algo/dstruct/heap.go:88.42,88.89 1 0
github.com/EduardGomezEscandell/algo/dstruct/heap.go:92.35,95.2 1 0
github.com/EduardGomezEscandell/algo/dstruct/heap.go:99.33,105.2 5 0
github.com/EduardGomezEscandell/algo/dstruct/stack.go:16.44,18.19 2 0
github.com/EduardGomezEscandell/algo/dstruct/stack.go:19.10,20.52 1 0
github.com/EduardGomezEscandell/algo/dstruct/stack.go:21.9,23.14 2 0
github.com/EduardGomezEscandell/algo/dstruct/stack.go:24.9,26.14 2 0
github.com/EduardGomezEscandell/algo/dstruct/stack.go:27.9,28.51 1 0
github.com/EduardGomezEscandell/algo/dstruct/stack.go:33.30,35.2 1 0
github.com/EduardGomezEscandell/algo/dstruct/stack.go:38.34,40.2 1 0
github.com/EduardGomezEscandell/algo/dstruct/stack.go:43.28,44.17 1 0
github.com/EduardGomezEscandell/algo/dstruct/stack.go:47.2,47.30 1 0
github.com/EduardGomezEscandell/algo/dstruct/stack.go:44.17,45.36 1 0
github.com/EduardGomezEscandell/algo/dstruct/stack.go:51.26,52.17 1 0
github.com/EduardGomezEscandell/algo/dstruct/stack.go:55.2,55.33 1 0
github.com/EduardGomezEscandell/algo/dstruct/stack.go:52.17,53.36 1 0
github.com/EduardGomezEscandell/algo/dstruct/stack.go:59.30,61.2 1 0
github.com/EduardGomezEscandell/algo/dstruct/stack.go:65.31,67.2 1 0
github.com/EduardGomezEscandell/algo/dstruct/stack.go:70.29,72.2 1 0
github.com/EduardGomezEscandell/algo/palgo/array.go:11.46,14.19 3 0
github.com/EduardGomezEscandell/algo/palgo/array.go:17.2,17.37 1 0
github.com/EduardGomezEscandell/algo/palgo/array.go:23.2,23.10 1 0
github.com/EduardGomezEscandell/algo/palgo/array.go:14.19,16.3 1 0
github.com/EduardGomezEscandell/algo/palgo/array.go:17.37,18.36 1 0
github.com/EduardGomezEscandell/algo/palgo/array.go:18.36,20.4 1 0
github.com/EduardGomezEscandell/algo/palgo/array.go:27.42,29.19 2 0
github.com/EduardGomezEscandell/algo/palgo/array.go:33.2,33.37 1 0
github.com/EduardGomezEscandell/algo/palgo/array.go:29.19,32.3 2 0
github.com/EduardGomezEscandell/algo/palgo/array.go:33.37,35.3 1 0
github.com/EduardGomezEscandell/algo/palgo/array.go:39.34,41.19 2 0
github.com/EduardGomezEscandell/algo/palgo/array.go:44.2,45.37 2 0
github.com/EduardGomezEscandell/algo/palgo/array.go:50.2,50.10 1 0
github.com/EduardGomezEscandell/algo/palgo/array.go:41.19,43.3 1 0
github.com/EduardGomezEscandell/algo/palgo/array.go:45.37,46.40 1 0
github.com/EduardGomezEscandell/algo/palgo/array.go:46.40,48.4 1 0
github.com/EduardGomezEscandell/algo/palgo/array.go:66.58,68.19 2 0
github.com/EduardGomezEscandell/algo/palgo/array.go:72.2,73.37 2 0
github.com/EduardGomezEscandell/algo/palgo/array.go:78.2,78.35 1 0
github.com/EduardGomezEscandell/algo/palgo/array.go:68.19,70.3 1 0
github.com/EduardGomezEscandell/algo/palgo/array.go:73.37,77.3 3 0
github.com/EduardGomezEscandell/algo/palgo/array.go:90.81,92.19 2 0
github.com/EduardGomezEscandell/algo/palgo/array.go:96.2,97.37 2 0
github.com/EduardGomezEscandell/algo/palgo/array.go:102.2,102.35 1 0
github.com/EduardGomezEscandell/algo/palgo/array.go:92.19,94.3 1 0
github.com/EduardGomezEscandell/algo/palgo/array.go:97.37,101.3 3 0
github.com/EduardGomezEscandell/algo/palgo/array.go:108.70,111.19 3 0
github.com/EduardGomezEscandell/algo/palgo/array.go:115.2,116.37 2 0
github.com/EduardGomezEscandell/algo/palgo/array.go:121.2,121.10 1 0
github.com/EduardGomezEscandell/algo/palgo/array.go:111.19,113.3 1 0
github.com/EduardGomezEscandell/algo/palgo/array.go:116.37,117.36 1 0
github.com/EduardGomezEscandell/algo/palgo/array.go:117.36,119.4 1 0
github.com/EduardGomezEscandell/algo/palgo/array.go:144.5,147.19 3 0
github.com/EduardGomezEscandell/algo/palgo/array.go:151.2,152.37 2 0
github.com/EduardGomezEscandell/algo/palgo/array.go:160.2,160.35 1 0
github.com/EduardGomezEscandell/algo/palgo/array.go:147.19,149.3 1 0
github.com/EduardGomezEscandell/algo/palgo/array.go:152.37,158.3 5 0
github.com/EduardGomezEscandell/algo/palgo/work_alloc.go:20.30,22.2 1 0
github.com/EduardGomezEscandell/algo/palgo/work_alloc.go:24.31,26.2 1 0
github.com/EduardGomezEscandell/algo/palgo/work_alloc.go:28.47,29.24 1 0
github.com/EduardGomezEscandell/algo/palgo/work_alloc.go:36.2,40.32 4 0
github.com/EduardGomezEscandell/algo/palgo/work_alloc.go:48.2,50.29 3 0
github.com/EduardGomezEscandell/algo/palgo/work_alloc.go:55.2,55.10 1 0
github.com/EduardGomezEscandell/algo/palgo/work_alloc.go:29.24,34.3 1 0
github.com/EduardGomezEscandell/algo/palgo/work_alloc.go:40.32,46.3 1 0
github.com/EduardGomezEscandell/algo/palgo/work_alloc.go:50.29,53.3 2 0
github.com/EduardGomezEscandell/algo/palgo/work_alloc.go:58.54,60.29 2 0
github.com/EduardGomezEscandell/algo/palgo/work_alloc.go:69.2,69.11 1 0
github.com/EduardGomezEscandell/algo/palgo/work_alloc.go:60.29,63.13 3 0
github.com/EduardGomezEscandell/algo/palgo/work_alloc.go:63.13,66.4 2 0
